Release 14.7 - xst P.20131013 (nt64)
Copyright (c) 1995-2013 Xilinx, Inc.  All rights reserved.
--> Parameter TMPDIR set to xst/projnav.tmp


Total REAL time to Xst completion: 1.00 secs
Total CPU time to Xst completion: 1.33 secs
 
--> Parameter xsthdpdir set to xst


Total REAL time to Xst completion: 1.00 secs
Total CPU time to Xst completion: 1.33 secs
 
--> Reading design: SCSIAdaptor.prj

TABLE OF CONTENTS
  1) Synthesis Options Summary
  2) HDL Compilation
  3) Design Hierarchy Analysis
  4) HDL Analysis
  5) HDL Synthesis
     5.1) HDL Synthesis Report
  6) Advanced HDL Synthesis
     6.1) Advanced HDL Synthesis Report
  7) Low Level Synthesis
  8) Partition Report
  9) Final Report

=========================================================================
*                      Synthesis Options Summary                        *
=========================================================================
---- Source Parameters
Input File Name                    : "SCSIAdaptor.prj"
Input Format                       : mixed
Ignore Synthesis Constraint File   : NO

---- Target Parameters
Output File Name                   : "SCSIAdaptor"
Output Format                      : NGC
Target Device                      : XC9500XL CPLDs

---- Source Options
Top Module Name                    : SCSIAdaptor
Automatic FSM Extraction           : YES
FSM Encoding Algorithm             : Auto
Safe Implementation                : No
Mux Extraction                     : Yes
Resource Sharing                   : YES

---- Target Options
Add IO Buffers                     : YES
MACRO Preserve                     : YES
XOR Preserve                       : YES
Equivalent register Removal        : YES

---- General Options
Optimization Goal                  : Speed
Optimization Effort                : 1
Keep Hierarchy                     : Yes
Netlist Hierarchy                  : As_Optimized
RTL Output                         : Yes
Hierarchy Separator                : /
Bus Delimiter                      : <>
Case Specifier                     : Maintain
Verilog 2001                       : YES

---- Other Options
Clock Enable                       : YES
wysiwyg                            : NO

=========================================================================


=========================================================================
*                          HDL Compilation                              *
=========================================================================
Compiling verilog file "ttl74573.v" in library work
Compiling verilog file "ttl74240.v" in library work
Module <ttl74573> compiled
Compiling verilog file "SCSIAdaptorAddressDecoder.v" in library work
Module <ttl74240> compiled
Compiling verilog file "inverterWithOutputEnable.v" in library work
Module <SCSIAdaptorAddressDecoder> compiled
Compiling verilog file "dff_asyncres.v" in library work
Module <inverterWithOutputEnable> compiled
Compiling verilog file "SCSIAdaptor.v" in library work
Module <dff_asyncres> compiled
Module <SCSIAdaptor> compiled
No errors in compilation
Analysis of file <"SCSIAdaptor.prj"> succeeded.
 

=========================================================================
*                     Design Hierarchy Analysis                         *
=========================================================================
Analyzing hierarchy for module <SCSIAdaptor> in library <work>.

Analyzing hierarchy for module <dff_asyncres> in library <work>.

Analyzing hierarchy for module <SCSIAdaptorAddressDecoder> in library <work>.

Analyzing hierarchy for module <ttl74573> in library <work>.

Analyzing hierarchy for module <inverterWithOutputEnable> in library <work>.

Analyzing hierarchy for module <ttl74240> in library <work>.


=========================================================================
*                            HDL Analysis                               *
=========================================================================
Analyzing top module <SCSIAdaptor>.
Module <SCSIAdaptor> is correct for synthesis.
 
    Set user-defined property "NOREDUCE =  TRUE" for signal <IRQ>.
Analyzing module <dff_asyncres> in library <work>.
Module <dff_asyncres> is correct for synthesis.
 
Analyzing module <SCSIAdaptorAddressDecoder> in library <work>.
Module <SCSIAdaptorAddressDecoder> is correct for synthesis.
 
Analyzing module <ttl74573> in library <work>.
Module <ttl74573> is correct for synthesis.
 
Analyzing module <inverterWithOutputEnable> in library <work>.
Module <inverterWithOutputEnable> is correct for synthesis.
 
Analyzing module <ttl74240> in library <work>.
Module <ttl74240> is correct for synthesis.
 

=========================================================================
*                           HDL Synthesis                               *
=========================================================================

Performing bidirectional port resolution...

Synthesizing Unit <dff_asyncres>.
    Related source file is "dff_asyncres.v".
    Found 1-bit register for signal <Q>.
    Summary:
	inferred   1 D-type flip-flop(s).
Unit <dff_asyncres> synthesized.


Synthesizing Unit <SCSIAdaptorAddressDecoder>.
    Related source file is "SCSIAdaptorAddressDecoder.v".
Unit <SCSIAdaptorAddressDecoder> synthesized.


Synthesizing Unit <ttl74573>.
    Related source file is "ttl74573.v".
WARNING:Xst:2474 - Clock and clock enable of register <Q> are driven by the same logic. The clock enable is removed.
    Found 8-bit register for signal <Q>.
Unit <ttl74573> synthesized.


Synthesizing Unit <inverterWithOutputEnable>.
    Related source file is "inverterWithOutputEnable.v".
Unit <inverterWithOutputEnable> synthesized.


Synthesizing Unit <ttl74240>.
    Related source file is "ttl74240.v".
Unit <ttl74240> synthesized.


Synthesizing Unit <SCSIAdaptor>.
    Related source file is "SCSIAdaptor.v".
    Found 8-bit tristate buffer for signal <bbc_DATA>.
    Found 1-bit tristate buffer for signal <bbc_nIRQ>.
    Found 1-bit tristate buffer for signal <scsi_nACK>.
    Found 8-bit tristate buffer for signal <scsi_nDATA>.
    Found 1-bit tristate buffer for signal <scsi_nRST>.
    Found 1-bit tristate buffer for signal <scsi_nSEL>.
    Summary:
	inferred  20 Tristate(s).
Unit <SCSIAdaptor> synthesized.


=========================================================================
HDL Synthesis Report

Macro Statistics
# Registers                                            : 6
 1-bit register                                        : 4
 8-bit register                                        : 2
# Tristates                                            : 13
 1-bit tristate buffer                                 : 12
 8-bit tristate buffer                                 : 1

=========================================================================

=========================================================================
*                       Advanced HDL Synthesis                          *
=========================================================================

WARNING:Xst:1293 - FF/Latch <0> has a constant value of 0 in block <2>. This FF/Latch will be trimmed during the optimization process.
WARNING:Xst:1293 - FF/Latch <0> has a constant value of 0 in block <3>. This FF/Latch will be trimmed during the optimization process.

=========================================================================
Advanced HDL Synthesis Report

Macro Statistics
# Registers                                            : 4
 Flip-Flops                                            : 4

=========================================================================

=========================================================================
*                         Low Level Synthesis                           *
=========================================================================
WARNING:Xst:2170 - Unit no_reduce_block1 : the following signal(s) form a combinatorial loop: SCSIAdaptor/IRQ, IRQ, pin3and4_and0000, SCSIAdaptor/pin3and4_and0000.

Optimizing unit <SCSIAdaptor> ...
  implementation constraint: NOREDUCE	 : IRQ

Optimizing unit <SCSIAdaptorAddressDecoder> ...

Optimizing unit <inverterWithOutputEnable> ...

Optimizing unit <ttl74240> ...

Optimizing unit <dff_asyncres> ...

Optimizing unit <ttl74573> ...
  implementation constraint: INIT=r	 : Q_7
  implementation constraint: INIT=r	 : Q_1
  implementation constraint: INIT=r	 : Q_2
  implementation constraint: INIT=r	 : Q_3
  implementation constraint: INIT=r	 : Q_4
  implementation constraint: INIT=r	 : Q_5
  implementation constraint: INIT=r	 : Q_6
  implementation constraint: INIT=r	 : Q_0
WARNING:Xst:1293 - FF/Latch <Q_2> has a constant value of 0 in block <statusOutLatch>. This FF/Latch will be trimmed during the optimization process.
WARNING:Xst:1293 - FF/Latch <Q_3> has a constant value of 0 in block <statusOutLatch>. This FF/Latch will be trimmed during the optimization process.

=========================================================================
*                           Partition Report                            *
=========================================================================

Partition Implementation Status
-------------------------------

  No Partitions were found in this design.

-------------------------------

=========================================================================
*                            Final Report                               *
=========================================================================
Final Results
RTL Top Level Output File Name     : SCSIAdaptor.ngr
Top Level Output File Name         : SCSIAdaptor
Output Format                      : NGC
Optimization Goal                  : Speed
Keep Hierarchy                     : Yes
Target Technology                  : XC9500XL CPLDs
Macro Preserve                     : YES
XOR Preserve                       : YES
Clock Enable                       : YES
wysiwyg                            : NO

Design Statistics
# IOs                              : 51

Cell Usage :
# BELS                             : 178
#      AND2                        : 52
#      AND3                        : 10
#      AND4                        : 7
#      AND5                        : 1
#      GND                         : 1
#      INV                         : 100
#      OR2                         : 6
#      VCC                         : 1
# FlipFlops/Latches                : 18
#      FD                          : 14
#      FDC                         : 4
# IO Buffers                       : 51
#      IBUF                        : 17
#      IOBUFE                      : 16
#      OBUF                        : 14
#      OBUFE                       : 4
=========================================================================


Total REAL time to Xst completion: 7.00 secs
Total CPU time to Xst completion: 7.37 secs
 
--> 

Total memory usage is 247948 kilobytes

Number of errors   :    0 (   0 filtered)
Number of warnings :    6 (   0 filtered)
Number of infos    :    0 (   0 filtered)

